#
# There is insufficient memory for the Java Runtime Environment to continue.
# Native memory allocation (malloc) failed to allocate 32744 bytes for Chunk::new
# Possible reasons:
#   The system is out of physical RAM or swap space
#   The process is running with CompressedOops enabled, and the Java Heap may be blocking the growth of the native heap
# Possible solutions:
#   Reduce memory load on the system
#   Increase physical memory or swap space
#   Check if swap backing store is full
#   Decrease Java heap size (-Xmx/-Xms)
#   Decrease number of Java threads
#   Decrease Java thread stack sizes (-Xss)
#   Set larger code cache with -XX:ReservedCodeCacheSize=
#   JVM is running with Unscaled Compressed Oops mode in which the Java heap is
#     placed in the first 4GB address space. The Java Heap base address is the
#     maximum limit for the native heap growth. Please use -XX:HeapBaseMinAddress
#     to set the Java Heap base and to place the Java Heap above 4GB virtual address.
# This output file may be truncated or incomplete.
#
#  Out of Memory Error (arena.cpp:184), pid=15264, tid=14488
#
# JRE version: Java(TM) SE Runtime Environment (18.0.1.1+2) (build 18.0.1.1+2-6)
# Java VM: Java HotSpot(TM) 64-Bit Server VM (18.0.1.1+2-6, mixed mode, sharing, tiered, compressed oops, compressed class ptrs, g1 gc, windows-amd64)
# No core dump will be written. Minidumps are not enabled by default on client versions of Windows
#

---------------  S U M M A R Y ------------

Command Line: -Xmx64m -Xms64m -Dorg.gradle.appname=gradlew org.gradle.wrapper.GradleWrapperMain app:installDebug -PreactNativeDevServerPort=8081

Host: AMD Ryzen 3 3250U with Radeon Graphics         , 4 cores, 5G,  Windows 10 , 64 bit Build 19041 (10.0.19041.3570)
Time: Thu Nov  2 15:36:15 2023 Malay Peninsula Standard Time elapsed time: 143.318958 seconds (0d 0h 2m 23s)

---------------  T H R E A D  ---------------

Current thread (0x000001fb7b907700):  JavaThread "C2 CompilerThread0" daemon [_thread_in_native, id=14488, stack(0x0000006c3dd00000,0x0000006c3de00000)]


Current CompileTask:
C2: 143319 1797       4       org.gradle.internal.logging.text.AbstractLineChoppingStyledTextOutput$1::execute (9 bytes)

Stack: [0x0000006c3dd00000,0x0000006c3de00000]
Native frames: (J=compiled Java code, j=interpreted, Vv=VM code, C=native code)
V  [jvm.dll+0x69887a]
V  [jvm.dll+0x7f38bd]
V  [jvm.dll+0x7f51ce]
V  [jvm.dll+0x7f5883]
V  [jvm.dll+0x25ca3f]
V  [jvm.dll+0xb8c2f]
V  [jvm.dll+0xb8fa5]
V  [jvm.dll+0xb8d4b]
V  [jvm.dll+0x6ed8ec]
V  [jvm.dll+0x5aa84f]
V  [jvm.dll+0x716fe2]
V  [jvm.dll+0x716067]
V  [jvm.dll+0x5b54fb]
V  [jvm.dll+0x5a0c96]
V  [jvm.dll+0x237f1e]
V  [jvm.dll+0x231559]
V  [jvm.dll+0x22eeeb]
V  [jvm.dll+0x1b9cfc]
V  [jvm.dll+0x23e8ca]
V  [jvm.dll+0x23cbb5]
V  [jvm.dll+0x7a5fb1]
V  [jvm.dll+0x7a03ea]
V  [jvm.dll+0x697725]
C  [ucrtbase.dll+0x21bb2]
C  [KERNEL32.DLL+0x17344]
C  [ntdll.dll+0x526b1]


---------------  P R O C E S S  ---------------

Threads class SMR info:
_java_thread_list=0x000001fb0079e210, length=14, elements={
0x000001fb629a1560, 0x000001fb62a55880, 0x000001fb62a56cd0, 0x000001fb7b8ff160,
0x000001fb7b900a20, 0x000001fb7b9012d0, 0x000001fb7b906240, 0x000001fb7b907700,
0x000001fb7b908f30, 0x000001fb7b91f150, 0x000001fb7fc26b90, 0x000001fb7fc32710,
0x000001fb009988e0, 0x000001fb006e3d90
}

Java Threads: ( => current thread )
  0x000001fb629a1560 JavaThread "main" [_thread_blocked, id=7520, stack(0x0000006c3d000000,0x0000006c3d100000)]
  0x000001fb62a55880 JavaThread "Reference Handler" daemon [_thread_blocked, id=1088, stack(0x0000006c3d700000,0x0000006c3d800000)]
  0x000001fb62a56cd0 JavaThread "Finalizer" daemon [_thread_blocked, id=5600, stack(0x0000006c3d800000,0x0000006c3d900000)]
  0x000001fb7b8ff160 JavaThread "Signal Dispatcher" daemon [_thread_blocked, id=12848, stack(0x0000006c3d900000,0x0000006c3da00000)]
  0x000001fb7b900a20 JavaThread "Attach Listener" daemon [_thread_blocked, id=16548, stack(0x0000006c3da00000,0x0000006c3db00000)]
  0x000001fb7b9012d0 JavaThread "Service Thread" daemon [_thread_blocked, id=18768, stack(0x0000006c3db00000,0x0000006c3dc00000)]
  0x000001fb7b906240 JavaThread "Monitor Deflation Thread" daemon [_thread_blocked, id=18628, stack(0x0000006c3dc00000,0x0000006c3dd00000)]
=>0x000001fb7b907700 JavaThread "C2 CompilerThread0" daemon [_thread_in_native, id=14488, stack(0x0000006c3dd00000,0x0000006c3de00000)]
  0x000001fb7b908f30 JavaThread "C1 CompilerThread0" daemon [_thread_blocked, id=6516, stack(0x0000006c3de00000,0x0000006c3df00000)]
  0x000001fb7b91f150 JavaThread "Sweeper thread" daemon [_thread_blocked, id=11896, stack(0x0000006c3df00000,0x0000006c3e000000)]
  0x000001fb7fc26b90 JavaThread "Notification Thread" daemon [_thread_blocked, id=5260, stack(0x0000006c3e000000,0x0000006c3e100000)]
  0x000001fb7fc32710 JavaThread "Common-Cleaner" daemon [_thread_blocked, id=10280, stack(0x0000006c3e200000,0x0000006c3e300000)]
  0x000001fb009988e0 JavaThread "DisconnectableInputStream source reader" daemon [_thread_in_native, id=15816, stack(0x0000006c3e800000,0x0000006c3e900000)]
  0x000001fb006e3d90 JavaThread "C2 CompilerThread1" daemon [_thread_in_native, id=13508, stack(0x0000006c3cd00000,0x0000006c3ce00000)]

Other Threads:
  0x000001fb629cd860 VMThread "VM Thread" [stack: 0x0000006c3d600000,0x0000006c3d700000] [id=16824]
  0x000001fb7fc2d480 WatcherThread "VM Periodic Task Thread" [stack: 0x0000006c3e100000,0x0000006c3e200000] [id=19208]
  0x000001fb629c4730 WorkerThread "GC Thread#0" [stack: 0x0000006c3d100000,0x0000006c3d200000] [id=236]
  0x000001fb7ff4f700 WorkerThread "GC Thread#1" [stack: 0x0000006c3e300000,0x0000006c3e400000] [id=14800]
  0x000001fb000a0ef0 WorkerThread "GC Thread#2" [stack: 0x0000006c3e400000,0x0000006c3e500000] [id=2948]
  0x000001fb000638d0 WorkerThread "GC Thread#3" [stack: 0x0000006c3e500000,0x0000006c3e600000] [id=12252]
  0x000001fb629c6d80 ConcurrentGCThread "G1 Main Marker" [stack: 0x0000006c3d200000,0x0000006c3d300000] [id=13608]
  0x000001fb629c7680 WorkerThread "G1 Conc#0" [stack: 0x0000006c3d300000,0x0000006c3d400000] [id=5140]
  0x000001fb629f19c0 ConcurrentGCThread "G1 Refine#0" [stack: 0x0000006c3d400000,0x0000006c3d500000] [id=8596]
  0x000001fb629f21e0 ConcurrentGCThread "G1 Service" [stack: 0x0000006c3d500000,0x0000006c3d600000] [id=10820]

Threads with active compile tasks:
C2 CompilerThread0   143350 1797       4       org.gradle.internal.logging.text.AbstractLineChoppingStyledTextOutput$1::execute (9 bytes)
C2 CompilerThread1   143350 1799       4       org.gradle.internal.logging.text.AbstractLineChoppingStyledTextOutput$1::execute (140 bytes)

VM state: not at safepoint (normal execution)

VM Mutex/Monitor currently owned by a thread: None

OutOfMemory and StackOverflow Exception counts:
OutOfMemoryError java_heap_errors=1
LinkageErrors=28

Heap address: 0x00000000fc000000, size: 64 MB, Compressed Oops mode: 32-bit

CDS archive(s) mapped at: [0x0000000800000000-0x0000000800ba0000-0x0000000800ba0000), size 12189696, SharedBaseAddress: 0x0000000800000000, ArchiveRelocationMode: 0.
Compressed class space mapped at: 0x0000000800c00000-0x0000000840c00000, reserved size: 1073741824
Narrow klass base: 0x0000000800000000, Narrow klass shift: 0, Narrow klass range: 0x100000000

GC Precious Log:
 CardTable entry size: 512
 Card Set container configuration: InlinePtr #cards 5 size 8 Array Of Cards #cards 12 size 40 Howl #buckets 4 coarsen threshold 1843 Howl Bitmap #cards 512 size 80 coarsen threshold 460 Card regions per heap region 1 cards per card region 2048
 CPUs: 4 total, 4 available
 Memory: 6081M
 Large Page Support: Disabled
 NUMA Support: Disabled
 Compressed Oops: Enabled (32-bit)
 Heap Region Size: 1M
 Heap Min Capacity: 64M
 Heap Initial Capacity: 64M
 Heap Max Capacity: 64M
 Pre-touch: Disabled
 Parallel Workers: 4
 Concurrent Workers: 1
 Concurrent Refinement Workers: 4
 Periodic GC: Disabled

Heap:
 garbage-first heap   total 65536K, used 23047K [0x00000000fc000000, 0x0000000100000000)
  region size 1024K, 17 young (17408K), 3 survivors (3072K)
 Metaspace       used 9112K, committed 9408K, reserved 1114112K
  class space    used 1169K, committed 1344K, reserved 1048576K

Heap Regions: E=young(eden), S=young(survivor), O=old, HS=humongous(starts), HC=humongous(continues), CS=collection set, F=free, OA=open archive, CA=closed archive, TAMS=top-at-mark-start (previous, next)
|   0|0x00000000fc000000, 0x00000000fc100000, 0x00000000fc100000|100%|HS|  |TAMS 0x00000000fc000000, 0x00000000fc000000| Complete 
|   1|0x00000000fc100000, 0x00000000fc200000, 0x00000000fc200000|100%|HC|  |TAMS 0x00000000fc100000, 0x00000000fc100000| Complete 
|   2|0x00000000fc200000, 0x00000000fc300000, 0x00000000fc300000|100%|HC|  |TAMS 0x00000000fc200000, 0x00000000fc200000| Complete 
|   3|0x00000000fc300000, 0x00000000fc400000, 0x00000000fc400000|100%| O|  |TAMS 0x00000000fc300000, 0x00000000fc300000| Untracked 
|   4|0x00000000fc400000, 0x00000000fc500000, 0x00000000fc500000|100%| O|  |TAMS 0x00000000fc400000, 0x00000000fc400000| Untracked 
|   5|0x00000000fc500000, 0x00000000fc600000, 0x00000000fc600000|100%| O|  |TAMS 0x00000000fc500000, 0x00000000fc500000| Untracked 
|   6|0x00000000fc600000, 0x00000000fc681c00, 0x00000000fc700000| 50%| O|  |TAMS 0x00000000fc600000, 0x00000000fc600000| Untracked 
|   7|0x00000000fc700000, 0x00000000fc700000, 0x00000000fc800000|  0%| F|  |TAMS 0x00000000fc700000, 0x00000000fc700000| Untracked 
|   8|0x00000000fc800000, 0x00000000fc800000, 0x00000000fc900000|  0%| F|  |TAMS 0x00000000fc800000, 0x00000000fc800000| Untracked 
|   9|0x00000000fc900000, 0x00000000fc900000, 0x00000000fca00000|  0%| F|  |TAMS 0x00000000fc900000, 0x00000000fc900000| Untracked 
|  10|0x00000000fca00000, 0x00000000fca00000, 0x00000000fcb00000|  0%| F|  |TAMS 0x00000000fca00000, 0x00000000fca00000| Untracked 
|  11|0x00000000fcb00000, 0x00000000fcb00000, 0x00000000fcc00000|  0%| F|  |TAMS 0x00000000fcb00000, 0x00000000fcb00000| Untracked 
|  12|0x00000000fcc00000, 0x00000000fcc00000, 0x00000000fcd00000|  0%| F|  |TAMS 0x00000000fcc00000, 0x00000000fcc00000| Untracked 
|  13|0x00000000fcd00000, 0x00000000fcd00000, 0x00000000fce00000|  0%| F|  |TAMS 0x00000000fcd00000, 0x00000000fcd00000| Untracked 
|  14|0x00000000fce00000, 0x00000000fce00000, 0x00000000fcf00000|  0%| F|  |TAMS 0x00000000fce00000, 0x00000000fce00000| Untracked 
|  15|0x00000000fcf00000, 0x00000000fcf00000, 0x00000000fd000000|  0%| F|  |TAMS 0x00000000fcf00000, 0x00000000fcf00000| Untracked 
|  16|0x00000000fd000000, 0x00000000fd000000, 0x00000000fd100000|  0%| F|  |TAMS 0x00000000fd000000, 0x00000000fd000000| Untracked 
|  17|0x00000000fd100000, 0x00000000fd100000, 0x00000000fd200000|  0%| F|  |TAMS 0x00000000fd100000, 0x00000000fd100000| Untracked 
|  18|0x00000000fd200000, 0x00000000fd200000, 0x00000000fd300000|  0%| F|  |TAMS 0x00000000fd200000, 0x00000000fd200000| Untracked 
|  19|0x00000000fd300000, 0x00000000fd300000, 0x00000000fd400000|  0%| F|  |TAMS 0x00000000fd300000, 0x00000000fd300000| Untracked 
|  20|0x00000000fd400000, 0x00000000fd400000, 0x00000000fd500000|  0%| F|  |TAMS 0x00000000fd400000, 0x00000000fd400000| Untracked 
|  21|0x00000000fd500000, 0x00000000fd500000, 0x00000000fd600000|  0%| F|  |TAMS 0x00000000fd500000, 0x00000000fd500000| Untracked 
|  22|0x00000000fd600000, 0x00000000fd600000, 0x00000000fd700000|  0%| F|  |TAMS 0x00000000fd600000, 0x00000000fd600000| Untracked 
|  23|0x00000000fd700000, 0x00000000fd700000, 0x00000000fd800000|  0%| F|  |TAMS 0x00000000fd700000, 0x00000000fd700000| Untracked 
|  24|0x00000000fd800000, 0x00000000fd800000, 0x00000000fd900000|  0%| F|  |TAMS 0x00000000fd800000, 0x00000000fd800000| Untracked 
|  25|0x00000000fd900000, 0x00000000fd900000, 0x00000000fda00000|  0%| F|  |TAMS 0x00000000fd900000, 0x00000000fd900000| Untracked 
|  26|0x00000000fda00000, 0x00000000fda00000, 0x00000000fdb00000|  0%| F|  |TAMS 0x00000000fda00000, 0x00000000fda00000| Untracked 
|  27|0x00000000fdb00000, 0x00000000fdb00000, 0x00000000fdc00000|  0%| F|  |TAMS 0x00000000fdb00000, 0x00000000fdb00000| Untracked 
|  28|0x00000000fdc00000, 0x00000000fdc00000, 0x00000000fdd00000|  0%| F|  |TAMS 0x00000000fdc00000, 0x00000000fdc00000| Untracked 
|  29|0x00000000fdd00000, 0x00000000fdd00000, 0x00000000fde00000|  0%| F|  |TAMS 0x00000000fdd00000, 0x00000000fdd00000| Untracked 
|  30|0x00000000fde00000, 0x00000000fde00000, 0x00000000fdf00000|  0%| F|  |TAMS 0x00000000fde00000, 0x00000000fde00000| Untracked 
|  31|0x00000000fdf00000, 0x00000000fdf00000, 0x00000000fe000000|  0%| F|  |TAMS 0x00000000fdf00000, 0x00000000fdf00000| Untracked 
|  32|0x00000000fe000000, 0x00000000fe000000, 0x00000000fe100000|  0%| F|  |TAMS 0x00000000fe000000, 0x00000000fe000000| Untracked 
|  33|0x00000000fe100000, 0x00000000fe100000, 0x00000000fe200000|  0%| F|  |TAMS 0x00000000fe100000, 0x00000000fe100000| Untracked 
|  34|0x00000000fe200000, 0x00000000fe200000, 0x00000000fe300000|  0%| F|  |TAMS 0x00000000fe200000, 0x00000000fe200000| Untracked 
|  35|0x00000000fe300000, 0x00000000fe300000, 0x00000000fe400000|  0%| F|  |TAMS 0x00000000fe300000, 0x00000000fe300000| Untracked 
|  36|0x00000000fe400000, 0x00000000fe400000, 0x00000000fe500000|  0%| F|  |TAMS 0x00000000fe400000, 0x00000000fe400000| Untracked 
|  37|0x00000000fe500000, 0x00000000fe500000, 0x00000000fe600000|  0%| F|  |TAMS 0x00000000fe500000, 0x00000000fe500000| Untracked 
|  38|0x00000000fe600000, 0x00000000fe600000, 0x00000000fe700000|  0%| F|  |TAMS 0x00000000fe600000, 0x00000000fe600000| Untracked 
|  39|0x00000000fe700000, 0x00000000fe700000, 0x00000000fe800000|  0%| F|  |TAMS 0x00000000fe700000, 0x00000000fe700000| Untracked 
|  40|0x00000000fe800000, 0x00000000fe800000, 0x00000000fe900000|  0%| F|  |TAMS 0x00000000fe800000, 0x00000000fe800000| Untracked 
|  41|0x00000000fe900000, 0x00000000fe900000, 0x00000000fea00000|  0%| F|  |TAMS 0x00000000fe900000, 0x00000000fe900000| Untracked 
|  42|0x00000000fea00000, 0x00000000fea00000, 0x00000000feb00000|  0%| F|  |TAMS 0x00000000fea00000, 0x00000000fea00000| Untracked 
|  43|0x00000000feb00000, 0x00000000fec00000, 0x00000000fec00000|100%| S|CS|TAMS 0x00000000feb00000, 0x00000000feb00000| Complete 
|  44|0x00000000fec00000, 0x00000000fed00000, 0x00000000fed00000|100%| S|CS|TAMS 0x00000000fec00000, 0x00000000fec00000| Complete 
|  45|0x00000000fed00000, 0x00000000fee00000, 0x00000000fee00000|100%| S|CS|TAMS 0x00000000fed00000, 0x00000000fed00000| Complete 
|  46|0x00000000fee00000, 0x00000000fee00000, 0x00000000fef00000|  0%| F|  |TAMS 0x00000000fee00000, 0x00000000fee00000| Untracked 
|  47|0x00000000fef00000, 0x00000000fef00000, 0x00000000ff000000|  0%| F|  |TAMS 0x00000000fef00000, 0x00000000fef00000| Untracked 
|  48|0x00000000ff000000, 0x00000000ff000000, 0x00000000ff100000|  0%| F|  |TAMS 0x00000000ff000000, 0x00000000ff000000| Untracked 
|  49|0x00000000ff100000, 0x00000000ff100000, 0x00000000ff200000|  0%| F|  |TAMS 0x00000000ff100000, 0x00000000ff100000| Untracked 
|  50|0x00000000ff200000, 0x00000000ff29eb38, 0x00000000ff300000| 61%| E|  |TAMS 0x00000000ff200000, 0x00000000ff200000| Complete 
|  51|0x00000000ff300000, 0x00000000ff400000, 0x00000000ff400000|100%| E|CS|TAMS 0x00000000ff300000, 0x00000000ff300000| Complete 
|  52|0x00000000ff400000, 0x00000000ff500000, 0x00000000ff500000|100%| E|CS|TAMS 0x00000000ff400000, 0x00000000ff400000| Complete 
|  53|0x00000000ff500000, 0x00000000ff600000, 0x00000000ff600000|100%| E|CS|TAMS 0x00000000ff500000, 0x00000000ff500000| Complete 
|  54|0x00000000ff600000, 0x00000000ff700000, 0x00000000ff700000|100%| E|CS|TAMS 0x00000000ff600000, 0x00000000ff600000| Complete 
|  55|0x00000000ff700000, 0x00000000ff800000, 0x00000000ff800000|100%| E|CS|TAMS 0x00000000ff700000, 0x00000000ff700000| Complete 
|  56|0x00000000ff800000, 0x00000000ff900000, 0x00000000ff900000|100%| E|CS|TAMS 0x00000000ff800000, 0x00000000ff800000| Complete 
|  57|0x00000000ff900000, 0x00000000ffa00000, 0x00000000ffa00000|100%| E|CS|TAMS 0x00000000ff900000, 0x00000000ff900000| Complete 
|  58|0x00000000ffa00000, 0x00000000ffb00000, 0x00000000ffb00000|100%| E|CS|TAMS 0x00000000ffa00000, 0x00000000ffa00000| Complete 
|  59|0x00000000ffb00000, 0x00000000ffc00000, 0x00000000ffc00000|100%| E|CS|TAMS 0x00000000ffb00000, 0x00000000ffb00000| Complete 
|  60|0x00000000ffc00000, 0x00000000ffd00000, 0x00000000ffd00000|100%| E|CS|TAMS 0x00000000ffc00000, 0x00000000ffc00000| Complete 
|  61|0x00000000ffd00000, 0x00000000ffe00000, 0x00000000ffe00000|100%| E|CS|TAMS 0x00000000ffd00000, 0x00000000ffd00000| Complete 
|  62|0x00000000ffe00000, 0x00000000fff00000, 0x00000000fff00000|100%| E|CS|TAMS 0x00000000ffe00000, 0x00000000ffe00000| Complete 
|  63|0x00000000fff00000, 0x0000000100000000, 0x0000000100000000|100%| E|CS|TAMS 0x00000000fff00000, 0x00000000fff00000| Complete 

Card table byte_map: [0x000001fb60960000,0x000001fb60980000] _byte_map_base: 0x000001fb60180000

Marking Bits (Prev, Next): (CMBitMap*) 0x000001fb629c5c50, (CMBitMap*) 0x000001fb629c5c90
 Prev Bits: [0x000001fb62780000, 0x000001fb62880000)
 Next Bits: [0x000001fb792d0000, 0x000001fb793d0000)

Polling page: 0x000001fb60910000

Metaspace:

Usage:
  Non-class:      7.76 MB used.
      Class:      1.14 MB used.
       Both:      8.90 MB used.

Virtual space:
  Non-class space:       64.00 MB reserved,       7.88 MB ( 12%) committed,  1 nodes.
      Class space:        1.00 GB reserved,       1.31 MB ( <1%) committed,  1 nodes.
             Both:        1.06 GB reserved,       9.19 MB ( <1%) committed. 

Chunk freelists:
   Non-Class:  16.00 KB
       Class:  2.61 MB
        Both:  2.62 MB

MaxMetaspaceSize: unlimited
CompressedClassSpaceSize: 1.00 GB
Initial GC threshold: 21.00 MB
Current GC threshold: 21.00 MB
CDS: on
MetaspaceReclaimPolicy: balanced
 - commit_granule_bytes: 65536.
 - commit_granule_words: 8192.
 - virtual_space_node_default_size: 8388608.
 - enlarge_chunks_in_place: 1.
 - new_chunks_are_fully_committed: 0.
 - uncommit_free_chunks: 1.
 - use_allocation_guard: 0.


Internal statistics:

num_allocs_failed_limit: 0.
num_arena_births: 226.
num_arena_deaths: 0.
num_vsnodes_births: 2.
num_vsnodes_deaths: 0.
num_space_committed: 147.
num_space_uncommitted: 0.
num_chunks_returned_to_freelist: 0.
num_chunks_taken_from_freelist: 486.
num_chunk_merges: 0.
num_chunk_splits: 302.
num_chunks_enlarged: 223.
num_inconsistent_stats: 0.

CodeHeap 'non-profiled nmethods': size=120000Kb used=599Kb max_used=599Kb free=119400Kb
 bounds [0x000001fb71da0000, 0x000001fb72010000, 0x000001fb792d0000]
CodeHeap 'profiled nmethods': size=120000Kb used=3681Kb max_used=3681Kb free=116318Kb
 bounds [0x000001fb6a870000, 0x000001fb6ac10000, 0x000001fb71da0000]
CodeHeap 'non-nmethods': size=5760Kb used=1192Kb max_used=1204Kb free=4567Kb
 bounds [0x000001fb6a2d0000, 0x000001fb6a540000, 0x000001fb6a870000]
 total_blobs=2275 nmethods=1801 adapters=386
 compilation: enabled
              stopped_count=0, restarted_count=0
 full_count=0

Compilation events (20 events):
Event: 143.242 Thread 0x000001fb7b908f30 1792       1       java.util.concurrent.CopyOnWriteArrayList::setArray (6 bytes)
Event: 143.242 Thread 0x000001fb7b908f30 nmethod 1792 0x000001fb71e34f10 code [0x000001fb71e350a0, 0x000001fb71e351b8]
Event: 143.254 Thread 0x000001fb7b908f30 1794       3       jdk.internal.org.objectweb.asm.Type::<init> (26 bytes)
Event: 143.254 Thread 0x000001fb7b908f30 nmethod 1794 0x000001fb6ac04f90 code [0x000001fb6ac05120, 0x000001fb6ac052f8]
Event: 143.254 Thread 0x000001fb7b908f30 1795       3       java.lang.invoke.MethodType::changeReturnType (20 bytes)
Event: 143.254 Thread 0x000001fb7b908f30 nmethod 1795 0x000001fb6ac05390 code [0x000001fb6ac05540, 0x000001fb6ac05708]
Event: 143.278 Thread 0x000001fb7b907700 1796  s    4       jdk.internal.perf.PerfCounter::add (18 bytes)
Event: 143.282 Thread 0x000001fb7b907700 nmethod 1796 0x000001fb71e35510 code [0x000001fb71e356a0, 0x000001fb71e35978]
Event: 143.302 Thread 0x000001fb7b907700 1797       4       org.gradle.internal.logging.text.AbstractLineChoppingStyledTextOutput$1::execute (9 bytes)
Event: 143.302 Thread 0x000001fb7b908f30 1798       3       org.gradle.internal.logging.text.AbstractLineChoppingStyledTextOutput$3::execute (73 bytes)
Event: 143.303 Thread 0x000001fb7b908f30 nmethod 1798 0x000001fb6ac05790 code [0x000001fb6ac05a00, 0x000001fb6ac063d8]
Event: 143.303 Thread 0x000001fb7b908f30 1800       2       org.gradle.internal.logging.text.AbstractLineChoppingStyledTextOutput$2::execute (77 bytes)
Event: 143.303 Thread 0x000001fb7b908f30 nmethod 1800 0x000001fb6ac06810 code [0x000001fb6ac06a20, 0x000001fb6ac06e08]
Event: 143.304 Thread 0x000001fb7b908f30 1803       3       org.gradle.internal.logging.console.StyledTextOutputBackedRenderer$OutputEventTextOutputImpl::doLineText (17 bytes)
Event: 143.304 Thread 0x000001fb7b908f30 nmethod 1803 0x000001fb6ac07090 code [0x000001fb6ac07240, 0x000001fb6ac07428]
Event: 143.304 Thread 0x000001fb7b908f30 1805       2       org.gradle.internal.logging.text.AbstractLineChoppingStyledTextOutput::doAppend (43 bytes)
Event: 143.305 Thread 0x000001fb7b908f30 nmethod 1805 0x000001fb6ac07510 code [0x000001fb6ac076e0, 0x000001fb6ac079c8]
Event: 143.307 Thread 0x000001fb7b908f30 1806       3       org.gradle.internal.logging.events.StyledTextOutputEvent::render (55 bytes)
Event: 143.307 Thread 0x000001fb006e3d90 1799       4       org.gradle.internal.logging.text.AbstractLineChoppingStyledTextOutput$1::execute (140 bytes)
Event: 143.307 Thread 0x000001fb7b908f30 nmethod 1806 0x000001fb6ac07b90 code [0x000001fb6ac07da0, 0x000001fb6ac08468]

GC Heap History (4 events):
Event: 1.298 GC heap before
{Heap before GC invocations=0 (full 0):
 garbage-first heap   total 65536K, used 16384K [0x00000000fc000000, 0x0000000100000000)
  region size 1024K, 13 young (13312K), 0 survivors (0K)
 Metaspace       used 1771K, committed 1984K, reserved 1114112K
  class space    used 156K, committed 256K, reserved 1048576K
}
Event: 1.306 GC heap after
{Heap after GC invocations=1 (full 0):
 garbage-first heap   total 65536K, used 3376K [0x00000000fc000000, 0x0000000100000000)
  region size 1024K, 2 young (2048K), 2 survivors (2048K)
 Metaspace       used 1771K, committed 1984K, reserved 1114112K
  class space    used 156K, committed 256K, reserved 1048576K
}
Event: 2.712 GC heap before
{Heap before GC invocations=1 (full 0):
 garbage-first heap   total 65536K, used 22832K [0x00000000fc000000, 0x0000000100000000)
  region size 1024K, 18 young (18432K), 2 survivors (2048K)
 Metaspace       used 5817K, committed 6080K, reserved 1114112K
  class space    used 796K, committed 896K, reserved 1048576K
}
Event: 2.719 GC heap after
{Heap after GC invocations=2 (full 0):
 garbage-first heap   total 65536K, used 9735K [0x00000000fc000000, 0x0000000100000000)
  region size 1024K, 3 young (3072K), 3 survivors (3072K)
 Metaspace       used 5817K, committed 6080K, reserved 1114112K
  class space    used 796K, committed 896K, reserved 1048576K
}

Deoptimization events (20 events):
Event: 11.800 Thread 0x000001fb008196a0 Uncommon trap: trap_request=0xffffff45 fr.pc=0x000001fb71dad234 relative=0x00000000000000b4
Event: 11.800 Thread 0x000001fb008196a0 Uncommon trap: reason=unstable_if action=reinterpret pc=0x000001fb71dad234 method=java.lang.String.codePointAt(I)I @ 4 c2
Event: 11.800 Thread 0x000001fb008196a0 DEOPT PACKING pc=0x000001fb71dad234 sp=0x0000006c3e7fed70
Event: 11.800 Thread 0x000001fb008196a0 DEOPT UNPACKING pc=0x000001fb6a3223a3 sp=0x0000006c3e7fecf8 mode 2
Event: 143.193 Thread 0x000001fb629a1560 Uncommon trap: trap_request=0xffffff45 fr.pc=0x000001fb71e311b4 relative=0x00000000000003d4
Event: 143.193 Thread 0x000001fb629a1560 Uncommon trap: reason=unstable_if action=reinterpret pc=0x000001fb71e311b4 method=com.esotericsoftware.kryo.io.Input.require(I)I @ 180 c2
Event: 143.193 Thread 0x000001fb629a1560 DEOPT PACKING pc=0x000001fb71e311b4 sp=0x0000006c3d0fdaf0
Event: 143.193 Thread 0x000001fb629a1560 DEOPT UNPACKING pc=0x000001fb6a3223a3 sp=0x0000006c3d0fd8e0 mode 2
Event: 143.240 Thread 0x000001fb629a1560 Uncommon trap: trap_request=0xffffff45 fr.pc=0x000001fb71dcd148 relative=0x0000000000000048
Event: 143.240 Thread 0x000001fb629a1560 Uncommon trap: reason=unstable_if action=reinterpret pc=0x000001fb71dcd148 method=java.net.URI.match(CJJ)Z @ 19 c2
Event: 143.240 Thread 0x000001fb629a1560 DEOPT PACKING pc=0x000001fb71dcd148 sp=0x0000006c3d0fd730
Event: 143.240 Thread 0x000001fb629a1560 DEOPT UNPACKING pc=0x000001fb6a3223a3 sp=0x0000006c3d0fd6b8 mode 2
Event: 143.241 Thread 0x000001fb629a1560 Uncommon trap: trap_request=0xffffff45 fr.pc=0x000001fb71e060e4 relative=0x0000000000000244
Event: 143.241 Thread 0x000001fb629a1560 Uncommon trap: reason=unstable_if action=reinterpret pc=0x000001fb71e060e4 method=java.net.URI.match(CJJ)Z @ 19 c2
Event: 143.241 Thread 0x000001fb629a1560 DEOPT PACKING pc=0x000001fb71e060e4 sp=0x0000006c3d0fd6e0
Event: 143.241 Thread 0x000001fb629a1560 DEOPT UNPACKING pc=0x000001fb6a3223a3 sp=0x0000006c3d0fd5e0 mode 2
Event: 143.241 Thread 0x000001fb629a1560 Uncommon trap: trap_request=0xffffff45 fr.pc=0x000001fb71e0ab78 relative=0x00000000000001d8
Event: 143.241 Thread 0x000001fb629a1560 Uncommon trap: reason=unstable_if action=reinterpret pc=0x000001fb71e0ab78 method=java.net.URI$Parser.scan(IILjava/lang/String;)I @ 26 c2
Event: 143.241 Thread 0x000001fb629a1560 DEOPT PACKING pc=0x000001fb71e0ab78 sp=0x0000006c3d0fd910
Event: 143.241 Thread 0x000001fb629a1560 DEOPT UNPACKING pc=0x000001fb6a3223a3 sp=0x0000006c3d0fd8a0 mode 2

Classes loaded (20 events):
Event: 93.239 Loading class jdk/internal/logger/LoggerFinderLoader
Event: 93.240 Loading class jdk/internal/logger/LoggerFinderLoader done
Event: 93.241 Loading class sun/util/logging/internal/LoggingProviderImpl$JULWrapper
Event: 93.241 Loading class sun/util/logging/PlatformLogger$ConfigurableBridge$LoggerConfiguration
Event: 93.241 Loading class sun/util/logging/PlatformLogger$ConfigurableBridge$LoggerConfiguration done
Event: 93.242 Loading class sun/util/logging/internal/LoggingProviderImpl$JULWrapper done
Event: 93.243 Loading class java/io/ObjectInputFilter$Config$BuiltinFilterFactory
Event: 93.243 Loading class java/io/ObjectInputFilter$Config$BuiltinFilterFactory done
Event: 93.243 Loading class jdk/internal/access/JavaObjectInputFilterAccess
Event: 93.243 Loading class jdk/internal/access/JavaObjectInputFilterAccess done
Event: 93.243 Loading class java/lang/System$Logger$Level
Event: 93.244 Loading class java/lang/System$Logger$Level done
Event: 93.244 Loading class java/io/Bits
Event: 93.244 Loading class java/io/Bits done
Event: 143.193 Loading class sun/net/ConnectionResetException
Event: 143.193 Loading class sun/net/ConnectionResetException done
Event: 143.197 Loading class java/io/BufferedReader
Event: 143.212 Loading class java/io/BufferedReader done
Event: 143.243 Loading class java/util/concurrent/ConcurrentLinkedQueue$Itr
Event: 143.253 Loading class java/util/concurrent/ConcurrentLinkedQueue$Itr done

Classes unloaded (0 events):
No events

Classes redefined (0 events):
No events

Internal exceptions (20 events):
Event: 2.184 Thread 0x000001fb629a1560 Exception <a 'java/lang/NoSuchMethodError'{0x00000000ff618ef8}: 'java.lang.Object java.lang.invoke.DirectMethodHandle$Holder.invokeVirtual(java.lang.Object, java.lang.Object, java.lang.Object)'> (0x00000000ff618ef8) 
thrown [s\open\src\hotspot\share\interpreter\linkResolver.cpp, line 766]
Event: 2.306 Thread 0x000001fb629a1560 Exception <a 'java/lang/NoSuchMethodError'{0x00000000ff46c7b8}: 'java.lang.Object java.lang.invoke.DirectMethodHandle$Holder.invokeVirtual(java.lang.Object, java.lang.Object, java.lang.Object, java.lang.Object)'> (0x00000000ff46c7b8) 
thrown [s\open\src\hotspot\share\interpreter\linkResolver.cpp, line 766]
Event: 2.360 Thread 0x000001fb629a1560 Exception <a 'java/lang/NoSuchMethodError'{0x00000000ff305938}: 'java.lang.Object java.lang.invoke.DirectMethodHandle$Holder.invokeVirtual(java.lang.Object, java.lang.Object, java.lang.Object, java.lang.Object, java.lang.Object, java.lang.Object)'> (0x00000000ff305938) 
thrown [s\open\src\hotspot\share\interpreter\linkResolver.cpp, line 766]
Event: 2.403 Thread 0x000001fb629a1560 Exception <a 'java/lang/NoSuchMethodError'{0x00000000ff3a4a08}: 'java.lang.Object java.lang.invoke.DirectMethodHandle$Holder.invokeInterface(java.lang.Object, java.lang.Object, java.lang.Object)'> (0x00000000ff3a4a08) 
thrown [s\open\src\hotspot\share\interpreter\linkResolver.cpp, line 766]
Event: 2.527 Thread 0x000001fb629a1560 Exception <a 'java/lang/NoSuchMethodError'{0x00000000fef3add8}: 'java.lang.Object java.lang.invoke.DirectMethodHandle$Holder.invokeStaticInit(java.lang.Object)'> (0x00000000fef3add8) 
thrown [s\open\src\hotspot\share\interpreter\linkResolver.cpp, line 766]
Event: 2.688 Thread 0x000001fb629a1560 Exception <a 'java/lang/NoSuchMethodError'{0x00000000fee820b8}: 'java.lang.Object java.lang.invoke.DirectMethodHandle$Holder.invokeVirtual(java.lang.Object, java.lang.Object, java.lang.Object, java.lang.Object, java.lang.Object)'> (0x00000000fee820b8) 
thrown [s\open\src\hotspot\share\interpreter\linkResolver.cpp, line 766]
Event: 2.692 Thread 0x000001fb629a1560 Exception <a 'java/lang/NoSuchMethodError'{0x00000000fee96628}: 'java.lang.Object java.lang.invoke.Invokers$Holder.invokeExact_MT(java.lang.Object, java.lang.Object, java.lang.Object, java.lang.Object, java.lang.Object, java.lang.Object)'> (0x00000000fee96628) 
thrown [s\open\src\hotspot\share\interpreter\linkResolver.cpp, line 766]
Event: 2.811 Thread 0x000001fb629a1560 Exception <a 'java/lang/NoSuchMethodError'{0x00000000ffe43968}: 'java.lang.Object java.lang.invoke.DirectMethodHandle$Holder.invokeVirtual(java.lang.Object, java.lang.Object, java.lang.Object, java.lang.Object, java.lang.Object, java.lang.Object, java.lang.Object, java.lang.Object)'> (0x00000000ffe43968) 
thrown [s\open\src\hotspot\share\interpreter\linkResolver.cpp, line 766]
Event: 2.812 Thread 0x000001fb629a1560 Exception <a 'java/lang/NoSuchMethodError'{0x00000000ffe48e58}: 'java.lang.Object java.lang.invoke.DirectMethodHandle$Holder.invokeSpecial(java.lang.Object, java.lang.Object, java.lang.Object, java.lang.Object, java.lang.Object, java.lang.Object, java.lang.Object, java.lang.Object, java.lang.Object)'> (0x00000000ffe48e58) 
thrown [s\open\src\hotspot\share\interpreter\linkResolver.cpp, line 766]
Event: 2.872 Thread 0x000001fb629a1560 Exception <a 'java/lang/NoSuchMethodError'{0x00000000ffd92180}: 'java.lang.Object java.lang.invoke.DirectMethodHandle$Holder.invokeStaticInit(java.lang.Object, int, int, int, int)'> (0x00000000ffd92180) 
thrown [s\open\src\hotspot\share\interpreter\linkResolver.cpp, line 766]
Event: 3.038 Thread 0x000001fb629a1560 Exception <a 'java/lang/NoSuchMethodError'{0x00000000ffdc28c8}: 'java.lang.Object java.lang.invoke.DirectMethodHandle$Holder.invokeStaticInit(java.lang.Object, java.lang.Object, int, int, int, int)'> (0x00000000ffdc28c8) 
thrown [s\open\src\hotspot\share\interpreter\linkResolver.cpp, line 766]
Event: 3.382 Thread 0x000001fb629a1560 Exception <a 'java/lang/NoSuchMethodError'{0x00000000ffcc58d8}: 'void java.lang.invoke.DirectMethodHandle$Holder.invokeInterface(java.lang.Object, java.lang.Object, java.lang.Object)'> (0x00000000ffcc58d8) 
thrown [s\open\src\hotspot\share\interpreter\linkResolver.cpp, line 766]
Event: 3.989 Thread 0x000001fb008196a0 Exception <a 'java/lang/NoSuchMethodError'{0x00000000ff776518}: 'void java.lang.invoke.DirectMethodHandle$Holder.invokeStatic(java.lang.Object, long)'> (0x00000000ff776518) 
thrown [s\open\src\hotspot\share\interpreter\linkResolver.cpp, line 766]
Event: 3.990 Thread 0x000001fb008196a0 Exception <a 'java/lang/NoSuchMethodError'{0x00000000ff77bbc8}: 'java.lang.Object java.lang.invoke.DirectMethodHandle$Holder.newInvokeSpecial(java.lang.Object, long)'> (0x00000000ff77bbc8) 
thrown [s\open\src\hotspot\share\interpreter\linkResolver.cpp, line 766]
Event: 3.993 Thread 0x000001fb008196a0 Exception <a 'java/lang/NoSuchMethodError'{0x00000000ff7868b8}: 'java.lang.Object java.lang.invoke.DirectMethodHandle$Holder.invokeStaticInit(java.lang.Object, java.lang.Object, long, java.lang.Object)'> (0x00000000ff7868b8) 
thrown [s\open\src\hotspot\share\interpreter\linkResolver.cpp, line 766]
Event: 3.994 Thread 0x000001fb008196a0 Exception <a 'java/lang/NoSuchMethodError'{0x00000000ff78cf40}: 'java.lang.Object java.lang.invoke.DirectMethodHandle$Holder.newInvokeSpecial(java.lang.Object, java.lang.Object, long)'> (0x00000000ff78cf40) 
thrown [s\open\src\hotspot\share\interpreter\linkResolver.cpp, line 766]
Event: 4.000 Thread 0x000001fb008196a0 Exception <a 'java/lang/NoSuchMethodError'{0x00000000ff791240}: 'java.lang.Object java.lang.invoke.Invokers$Holder.linkToTargetMethod(java.lang.Object, long, java.lang.Object)'> (0x00000000ff791240) 
thrown [s\open\src\hotspot\share\interpreter\linkResolver.cpp, line 766]
Event: 143.193 Thread 0x000001fb629a1560 Exception <a 'sun/net/ConnectionResetException'{0x00000000ff3fb940}: Connection reset> (0x00000000ff3fb940) 
thrown [s\open\src\hotspot\share\prims\jni.cpp, line 535]
Event: 143.238 Thread 0x000001fb629a1560 Exception <a 'java/lang/NoSuchMethodError'{0x00000000ff23d820}: 'int java.lang.invoke.DirectMethodHandle$Holder.invokeVirtual(java.lang.Object, java.lang.Object)'> (0x00000000ff23d820) 
thrown [s\open\src\hotspot\share\interpreter\linkResolver.cpp, line 766]
Event: 143.241 Thread 0x000001fb006e4060 Exception <a 'java/io/IOException'{0x00000000ff54f868}: Connection reset by peer> (0x00000000ff54f868) 
thrown [s\open\src\hotspot\share\prims\jni.cpp, line 535]

VM Operations (20 events):
Event: 111.986 Executing VM operation: Cleanup
Event: 111.986 Executing VM operation: Cleanup done
Event: 113.996 Executing VM operation: Cleanup
Event: 113.996 Executing VM operation: Cleanup done
Event: 123.077 Executing VM operation: Cleanup
Event: 123.077 Executing VM operation: Cleanup done
Event: 126.109 Executing VM operation: Cleanup
Event: 126.109 Executing VM operation: Cleanup done
Event: 127.115 Executing VM operation: Cleanup
Event: 127.115 Executing VM operation: Cleanup done
Event: 133.160 Executing VM operation: Cleanup
Event: 133.160 Executing VM operation: Cleanup done
Event: 143.219 Executing VM operation: Cleanup
Event: 143.219 Executing VM operation: Cleanup done
Event: 143.265 Executing VM operation: HandshakeAllThreads
Event: 143.265 Executing VM operation: HandshakeAllThreads done
Event: 143.266 Executing VM operation: HandshakeAllThreads
Event: 143.266 Executing VM operation: HandshakeAllThreads done
Event: 143.297 Executing VM operation: HandshakeAllThreads
Event: 143.297 Executing VM operation: HandshakeAllThreads done

Events (20 events):
Event: 0.111 Thread 0x000001fb7fc32710 Thread added: 0x000001fb7fc32710
Event: 0.117 Loaded shared library C:\Program Files\Java\jdk-18.0.1.1\bin\net.dll
Event: 0.120 Loaded shared library C:\Program Files\Java\jdk-18.0.1.1\bin\nio.dll
Event: 0.152 Loaded shared library C:\Program Files\Java\jdk-18.0.1.1\bin\zip.dll
Event: 1.039 Loaded shared library C:\Program Files\Java\jdk-18.0.1.1\bin\jimage.dll
Event: 1.374 Loaded shared library C:\Program Files\Java\jdk-18.0.1.1\bin\verify.dll
Event: 2.171 Loaded shared library C:\Users\luhde\.gradle\native\e1d6ef7f7dcc3fd88c89a11ec53ec762bb8ba0a96d01ffa2cd45eb1d1d8dd5c5\windows-amd64\native-platform.dll
Event: 2.222 Thread 0x000001fb0059e1e0 Thread added: 0x000001fb0059e1e0
Event: 2.531 Loaded shared library C:\Program Files\Java\jdk-18.0.1.1\bin\management.dll
Event: 2.539 Loaded shared library C:\Program Files\Java\jdk-18.0.1.1\bin\management_ext.dll
Event: 3.904 Thread 0x000001fb008196a0 Thread added: 0x000001fb008196a0
Event: 4.005 Thread 0x000001fb00999640 Thread added: 0x000001fb00999640
Event: 4.007 Thread 0x000001fb00819b60 Thread added: 0x000001fb00819b60
Event: 4.049 Thread 0x000001fb00999640 Thread exited: 0x000001fb00999640
Event: 11.803 Thread 0x000001fb008196a0 Thread exited: 0x000001fb008196a0
Event: 11.804 Thread 0x000001fb00819b60 Thread exited: 0x000001fb00819b60
Event: 12.035 Thread 0x000001fb009988e0 Thread added: 0x000001fb009988e0
Event: 12.036 Thread 0x000001fb006e4060 Thread added: 0x000001fb006e4060
Event: 143.242 Thread 0x000001fb006e4060 Thread exited: 0x000001fb006e4060
Event: 143.305 Thread 0x000001fb006e3d90 Thread added: 0x000001fb006e3d90


Dynamic libraries:
0x00007ff6301e0000 - 0x00007ff6301f0000 	C:\Program Files\Java\jdk-18.0.1.1\bin\java.exe
0x00007ffea1330000 - 0x00007ffea1527000 	C:\WINDOWS\SYSTEM32\ntdll.dll
0x00007ffea0500000 - 0x00007ffea05bd000 	C:\WINDOWS\System32\KERNEL32.DLL
0x00007ffe9ece0000 - 0x00007ffe9efd6000 	C:\WINDOWS\System32\KERNELBASE.dll
0x00007ffe9efe0000 - 0x00007ffe9f0e0000 	C:\WINDOWS\System32\ucrtbase.dll
0x00007ffe98d80000 - 0x00007ffe98d9a000 	C:\Program Files\Java\jdk-18.0.1.1\bin\VCRUNTIME140.dll
0x00007ffe99360000 - 0x00007ffe99378000 	C:\Program Files\Java\jdk-18.0.1.1\bin\jli.dll
0x00007ffea1140000 - 0x00007ffea11ee000 	C:\WINDOWS\System32\ADVAPI32.dll
0x00007ffea0890000 - 0x00007ffea092e000 	C:\WINDOWS\System32\msvcrt.dll
0x00007ffea11f0000 - 0x00007ffea128c000 	C:\WINDOWS\System32\sechost.dll
0x00007ffea05c0000 - 0x00007ffea06e6000 	C:\WINDOWS\System32\RPCRT4.dll
0x00007ffea06f0000 - 0x00007ffea088e000 	C:\WINDOWS\System32\USER32.dll
0x00007ffe9ecb0000 - 0x00007ffe9ecd2000 	C:\WINDOWS\System32\win32u.dll
0x00007ffea0150000 - 0x00007ffea017c000 	C:\WINDOWS\System32\GDI32.dll
0x00007ffe9f240000 - 0x00007ffe9f35a000 	C:\WINDOWS\System32\gdi32full.dll
0x00007ffe9eac0000 - 0x00007ffe9eb5d000 	C:\WINDOWS\System32\msvcp_win.dll
0x00007ffe896f0000 - 0x00007ffe8998a000 	C:\WINDOWS\WinSxS\amd64_microsoft.windows.common-controls_6595b64144ccf1df_6.0.19041.3570_none_60bb2a3971f3e41a\COMCTL32.dll
0x00007ffe96340000 - 0x00007ffe9634a000 	C:\WINDOWS\SYSTEM32\VERSION.dll
0x00007ffea0300000 - 0x00007ffea0330000 	C:\WINDOWS\System32\IMM32.DLL
0x00007ffe9be20000 - 0x00007ffe9be2c000 	C:\Program Files\Java\jdk-18.0.1.1\bin\vcruntime140_1.dll
0x00007ffe889d0000 - 0x00007ffe88a5d000 	C:\Program Files\Java\jdk-18.0.1.1\bin\msvcp140.dll
0x00007ffe54c90000 - 0x00007ffe558a0000 	C:\Program Files\Java\jdk-18.0.1.1\bin\server\jvm.dll
0x00007ffea0180000 - 0x00007ffea0188000 	C:\WINDOWS\System32\PSAPI.DLL
0x00007ffe86640000 - 0x00007ffe86649000 	C:\WINDOWS\SYSTEM32\WSOCK32.dll
0x00007ffea00e0000 - 0x00007ffea014b000 	C:\WINDOWS\System32\WS2_32.dll
0x00007ffe962b0000 - 0x00007ffe962d7000 	C:\WINDOWS\SYSTEM32\WINMM.dll
0x00007ffe9d200000 - 0x00007ffe9d212000 	C:\WINDOWS\SYSTEM32\kernel.appcore.dll
0x00007ffe9a370000 - 0x00007ffe9a37a000 	C:\Program Files\Java\jdk-18.0.1.1\bin\jimage.dll
0x00007ffe9c850000 - 0x00007ffe9ca34000 	C:\WINDOWS\SYSTEM32\DBGHELP.DLL
0x00007ffe90d70000 - 0x00007ffe90da4000 	C:\WINDOWS\SYSTEM32\dbgcore.DLL
0x00007ffe9eb60000 - 0x00007ffe9ebe2000 	C:\WINDOWS\System32\bcryptPrimitives.dll
0x00007ffe97760000 - 0x00007ffe97785000 	C:\Program Files\Java\jdk-18.0.1.1\bin\java.dll
0x00007ffe736c0000 - 0x00007ffe73796000 	C:\Program Files\Java\jdk-18.0.1.1\bin\jsvml.dll
0x00007ffea09f0000 - 0x00007ffea1134000 	C:\WINDOWS\System32\SHELL32.dll
0x00007ffe9ca50000 - 0x00007ffe9d1eb000 	C:\WINDOWS\SYSTEM32\windows.storage.dll
0x00007ffe9f590000 - 0x00007ffe9f8e4000 	C:\WINDOWS\System32\combase.dll
0x00007ffe9e380000 - 0x00007ffe9e3ad000 	C:\WINDOWS\SYSTEM32\Wldp.dll
0x00007ffe9f390000 - 0x00007ffe9f43d000 	C:\WINDOWS\System32\SHCORE.dll
0x00007ffea1290000 - 0x00007ffea12e5000 	C:\WINDOWS\System32\shlwapi.dll
0x00007ffe9e940000 - 0x00007ffe9e965000 	C:\WINDOWS\SYSTEM32\profapi.dll
0x00007ffe97740000 - 0x00007ffe97753000 	C:\Program Files\Java\jdk-18.0.1.1\bin\net.dll
0x00007ffe95cd0000 - 0x00007ffe95dda000 	C:\WINDOWS\SYSTEM32\WINHTTP.dll
0x00007ffe9e0c0000 - 0x00007ffe9e12a000 	C:\WINDOWS\system32\mswsock.dll
0x00007ffe97020000 - 0x00007ffe97036000 	C:\Program Files\Java\jdk-18.0.1.1\bin\nio.dll
0x00007ffe97000000 - 0x00007ffe97018000 	C:\Program Files\Java\jdk-18.0.1.1\bin\zip.dll
0x00007ffe994a0000 - 0x00007ffe994b0000 	C:\Program Files\Java\jdk-18.0.1.1\bin\verify.dll
0x00007ffe86f60000 - 0x00007ffe86f87000 	C:\Users\luhde\.gradle\native\e1d6ef7f7dcc3fd88c89a11ec53ec762bb8ba0a96d01ffa2cd45eb1d1d8dd5c5\windows-amd64\native-platform.dll
0x00007ffe98f00000 - 0x00007ffe98f09000 	C:\Program Files\Java\jdk-18.0.1.1\bin\management.dll
0x00007ffe98d50000 - 0x00007ffe98d5b000 	C:\Program Files\Java\jdk-18.0.1.1\bin\management_ext.dll
0x00007ffe9e2d0000 - 0x00007ffe9e2e8000 	C:\WINDOWS\SYSTEM32\CRYPTSP.dll
0x00007ffe9d9b0000 - 0x00007ffe9d9e4000 	C:\WINDOWS\system32\rsaenh.dll
0x00007ffe9f360000 - 0x00007ffe9f387000 	C:\WINDOWS\System32\bcrypt.dll
0x00007ffe9e8c0000 - 0x00007ffe9e8ee000 	C:\WINDOWS\SYSTEM32\USERENV.dll
0x00007ffe9e2f0000 - 0x00007ffe9e2fc000 	C:\WINDOWS\SYSTEM32\CRYPTBASE.dll
0x00007ffe9dda0000 - 0x00007ffe9dddb000 	C:\WINDOWS\SYSTEM32\IPHLPAPI.DLL
0x00007ffe9f8f0000 - 0x00007ffe9f8f8000 	C:\WINDOWS\System32\NSI.dll
0x00007ffe945c0000 - 0x00007ffe945d7000 	C:\WINDOWS\SYSTEM32\dhcpcsvc6.DLL
0x00007ffe94690000 - 0x00007ffe946ad000 	C:\WINDOWS\SYSTEM32\dhcpcsvc.DLL
0x00007ffe9dde0000 - 0x00007ffe9deaa000 	C:\WINDOWS\SYSTEM32\DNSAPI.dll

dbghelp: loaded successfully - version: 4.0.5 - missing functions: none
symbol engine: initialized successfully - sym options: 0x614 - pdb path: .;C:\Program Files\Java\jdk-18.0.1.1\bin;C:\WINDOWS\SYSTEM32;C:\WINDOWS\WinSxS\amd64_microsoft.windows.common-controls_6595b64144ccf1df_6.0.19041.3570_none_60bb2a3971f3e41a;C:\Program Files\Java\jdk-18.0.1.1\bin\server;C:\Users\luhde\.gradle\native\e1d6ef7f7dcc3fd88c89a11ec53ec762bb8ba0a96d01ffa2cd45eb1d1d8dd5c5\windows-amd64

VM Arguments:
jvm_args: -Xmx64m -Xms64m -Dorg.gradle.appname=gradlew 
java_command: org.gradle.wrapper.GradleWrapperMain app:installDebug -PreactNativeDevServerPort=8081
java_class_path (initial): D:\Bali Algoritm\Project\YOU'NA\youna\android\\gradle\wrapper\gradle-wrapper.jar
Launcher Type: SUN_STANDARD

[Global flags]
     intx CICompilerCount                          = 3                                         {product} {ergonomic}
     uint ConcGCThreads                            = 1                                         {product} {ergonomic}
     uint G1ConcRefinementThreads                  = 4                                         {product} {ergonomic}
   size_t G1HeapRegionSize                         = 1048576                                   {product} {ergonomic}
    uintx GCDrainStackTargetSize                   = 64                                        {product} {ergonomic}
   size_t InitialHeapSize                          = 67108864                                  {product} {command line}
   size_t MarkStackSize                            = 4194304                                   {product} {ergonomic}
   size_t MaxHeapSize                              = 67108864                                  {product} {command line}
   size_t MaxNewSize                               = 39845888                                  {product} {ergonomic}
   size_t MinHeapDeltaBytes                        = 1048576                                   {product} {ergonomic}
   size_t MinHeapSize                              = 67108864                                  {product} {command line}
    uintx NonNMethodCodeHeapSize                   = 5832780                                {pd product} {ergonomic}
    uintx NonProfiledCodeHeapSize                  = 122912730                              {pd product} {ergonomic}
    uintx ProfiledCodeHeapSize                     = 122912730                              {pd product} {ergonomic}
    uintx ReservedCodeCacheSize                    = 251658240                              {pd product} {ergonomic}
     bool SegmentedCodeCache                       = true                                      {product} {ergonomic}
   size_t SoftMaxHeapSize                          = 67108864                               {manageable} {ergonomic}
     bool UseCompressedClassPointers               = true                           {product lp64_product} {ergonomic}
     bool UseCompressedOops                        = true                           {product lp64_product} {ergonomic}
     bool UseG1GC                                  = true                                      {product} {ergonomic}
     bool UseLargePagesIndividualAllocation        = false                                  {pd product} {ergonomic}

Logging:
Log output configuration:
 #0: stdout all=warning uptime,level,tags foldmultilines=false
 #1: stderr all=off uptime,level,tags foldmultilines=false

Environment Variables:
JAVA_HOME=C:\Program Files\Java\jdk-18.0.1.1
CLASSPATH=D:\Bali Algoritm\Project\YOU'NA\youna\android\\gradle\wrapper\gradle-wrapper.jar
PATH=D:\Bali Algoritm\Project\YOU'NA\youna\android\node_modules\.bin;D:\Bali Algoritm\Project\YOU'NA\youna\node_modules\.bin;D:\Bali Algoritm\Project\YOU'NA\node_modules\.bin;D:\Bali Algoritm\Project\node_modules\.bin;D:\Bali Algoritm\node_modules\.bin;D:\node_modules\.bin;C:\Program Files\nodejs;D:\Bali Algoritm\Project\YOU'NA\youna\node_modules\.bin;D:\Bali Algoritm\Project\YOU'NA\node_modules\.bin;D:\Bali Algoritm\Project\node_modules\.bin;D:\Bali Algoritm\node_modules\.bin;D:\node_modules\.bin;C:\Users\luhde\AppData\Roaming\npm\node_modules\npm\node_modules\@npmcli\run-script\lib\node-gyp-bin;D:\Bali Algoritm\Project\YOU'NA\youna\node_modules\.bin;D:\Bali Algoritm\Project\YOU'NA\node_modules\.bin;D:\Bali Algoritm\Project\node_modules\.bin;D:\Bali Algoritm\node_modules\.bin;D:\node_modules\.bin;C:\Program Files\nodejs;C:\Users\luhde\AppData\Local\Temp\yarn--1698910378779-0.43297883045188335;D:\Bali Algoritm\Project\YOU'NA\youna\node_modules\.bin;C:\Users\luhde\AppData\Local\Yarn\Data\link\node_modules\.bin;C:\Users\luhde\AppData\Local\Yarn\bin;C:\Program Files\libexec\lib\node_modules\npm\bin\node-gyp-bin;C:\Program Files\lib\node_modules\npm\bin\node-gyp-bin;C:\Program Files\nodejs\node_modules\npm\bin\node-gyp-bin;C:\Program Files\Common Files\Oracle\Java\javapath;C:\Program Files\Git\cmd;C:\WINDOWS;C:\WINDOWS\System32\Wbem;C:\WINDOWS\System32\WindowsPowerShell\v1.0\;C:\WINDOWS\System32\OpenSSH\;C:\ProgramData\chocolatey\bin;C:\Program Files\OpenJDK\openjdk-8u275-b01\bin;C:\Program Files\Git\cmd;C:\xampp\php;C:\ProgramData\ComposerSetup\bin;C:\Users\luhde\AppData\Roaming\npm;C:\Program Files\Git\bin\git.exe;C:\Windows\System32;C:\flutter\bin;C:\Program Files\nodejs\;C:\gradle-6.2\bin;D:\apk_tool;C:\Users\luhde\AppData\Local\Programs\Python\Python311\Scripts\;C:\Users\luhde\AppData\Local\Programs\Python\Python311\;C:\Users\luhde\AppData\Local\Microsoft\WindowsApps;C:\Users\luhde\AppData\Local\Android\Sdk\platform-tools;C:\Users\luhde\AppData\Local\Android\Sdk\emulator;C:\Users\luhde\AppData\Local\Programs\Microsoft VS Code\bin;C:\Users\luhde\AppData\Roaming\Composer\vendor\bin;C:\flutter\bin;C:\Users\luhde\AppData\Roaming\npm;
USERNAME=luhde
OS=Windows_NT
PROCESSOR_IDENTIFIER=AMD64 Family 23 Model 24 Stepping 1, AuthenticAMD



---------------  S Y S T E M  ---------------

OS:
 Windows 10 , 64 bit Build 19041 (10.0.19041.3570)
OS uptime: 17 days 7:39 hours
Hyper-V role detected

CPU: total 4 (initial active 4) (4 cores per cpu, 2 threads per core) family 23 model 24 stepping 1 microcode 0x0, cx8, cmov, fxsr, ht, mmx, 3dnowpref, sse, sse2, sse3, ssse3, sse4a, sse4.1, sse4.2, popcnt, lzcnt, tsc, tscinvbit, avx, avx2, aes, clmul, bmi1, bmi2, adx, sha, fma, vzeroupper, clflush, clflushopt, hv

Memory: 4k page, system-wide physical 6081M (707M free)
TotalPageFile size 24513M (AvailPageFile size 0M)
current process WorkingSet (physical memory assigned to process): 81M, peak: 83M
current process commit charge ("private bytes"): 154M, peak: 157M

vm_info: Java HotSpot(TM) 64-Bit Server VM (18.0.1.1+2-6) for windows-amd64 JRE (18.0.1.1+2-6), built on Apr 25 2022 21:53:15 by "mach5one" with MS VC++ 16.8 / 16.9 (VS2019)

END.
